
Showing logs for build [32mcb-kubecd-environment-pr-239-10-zpkkv-1[0m stage [32mfrom-build-pack[0m and container [32mstep-credential-initializer-ns7gz[0m
{"level":"info","ts":1592622464.2438838,"logger":"fallback-logger","caller":"logging/config.go:69","msg":"Fetch GitHub commit ID from kodata failed: open /var/run/ko/refs/heads/0.8.0-ns-support: no such file or directory"}
{"level":"info","ts":1592622464.244134,"logger":"fallback-logger","caller":"creds-init/main.go:40","msg":"Credentials initialized."}

Showing logs for build [32mcb-kubecd-environment-pr-239-10-zpkkv-1[0m stage [32mfrom-build-pack[0m and container [32mstep-working-dir-initializer-94xpz[0m
{"level":"info","ts":1592622465.2800252,"logger":"fallback-logger","caller":"logging/config.go:69","msg":"Fetch GitHub commit ID from kodata failed: open /var/run/ko/HEAD: no such file or directory"}
{"level":"info","ts":1592622465.2808208,"logger":"fallback-logger","caller":"bash/main.go:64","msg":"Successfully executed command \"sh -c mkdir -p /workspace/source\"; output "}

Showing logs for build [32mcb-kubecd-environment-pr-239-10-zpkkv-1[0m stage [32mfrom-build-pack[0m and container [32mstep-place-tools[0m

Showing logs for build [32mcb-kubecd-environment-pr-239-10-zpkkv-1[0m stage [32mfrom-build-pack[0m and container [32mstep-git-source-cb-kubecd-environment-pr-239-10-zpkkv-qhkgc[0m
{"level":"info","ts":1592622468.3779824,"logger":"fallback-logger","caller":"logging/config.go:69","msg":"Fetch GitHub commit ID from kodata failed: open /var/run/ko/refs/heads/0.8.0-ns-support: no such file or directory"}
{"level":"info","ts":1592622468.6116986,"logger":"fallback-logger","caller":"git/git.go:103","msg":"Successfully cloned https://github.com/cb-kubecd/environment-pr-239-10-boot-eks-production.git @ master in path /workspace/source"}

Showing logs for build [32mcb-kubecd-environment-pr-239-10-zpkkv-1[0m stage [32mfrom-build-pack[0m and container [32mstep-git-merge[0m
Using SHAs from PULL_REFS=master:ab0d3fd26798b4567aa34db812e612f3d534b443,1:7debf9c4abc0a7e387a8b147eb599cc0cc0c0ce6
DEBUG: JX_LOG_LEVEL=error LC_ALL=C git fetch origin --unshallow 7debf9c4abc0a7e387a8b147eb599cc0cc0c0ce6: ab0d3fd26798b4567aa34db812e612f3d534b443:
DEBUG: ran git fetch --unshallow origin 7debf9c4abc0a7e387a8b147eb599cc0cc0c0ce6: ab0d3fd26798b4567aa34db812e612f3d534b443: in 
DEBUG: LC_ALL=C JX_LOG_LEVEL=error git branch
DEBUG: LC_ALL=C JX_LOG_LEVEL=error git checkout master
DEBUG: ran git checkout master in 
DEBUG: LC_ALL=C JX_LOG_LEVEL=error git reset --hard ab0d3fd26798b4567aa34db812e612f3d534b443
DEBUG: ran git reset --hard ab0d3fd26798b4567aa34db812e612f3d534b443 in 
DEBUG: LC_ALL=C JX_LOG_LEVEL=error git clean -fd .
DEBUG: ran clean --force -d . in 
DEBUG: LC_ALL=C JX_LOG_LEVEL=error git merge 7debf9c4abc0a7e387a8b147eb599cc0cc0c0ce6
DEBUG: ran git merge 7debf9c4abc0a7e387a8b147eb599cc0cc0c0ce6 in 
DEBUG: LC_ALL=C JX_LOG_LEVEL=error git log --format=%H%x1f%an%x1f%ae%x1f%cn%x1f%ce%x1f%s%n%b%x1e ab0d3fd26798b4567aa34db812e612f3d534b443..HEAD
Merged SHA 7debf9c4abc0a7e387a8b147eb599cc0cc0c0ce6 with commit message 'chore: Promote bdd-spring-1592620926 to version 0.0.1' into base branch master

Showing logs for build [32mcb-kubecd-environment-pr-239-10-zpkkv-1[0m stage [32mfrom-build-pack[0m and container [32mstep-build-helm-build[0m
WARNING: No $CHART_REPOSITORY defined so using the default value of: http://jenkins-x-chartmuseum:8080
Adding missing Helm repo: storage.googleapis.com https://storage.googleapis.com/chartmuseum.jenkins-x.io
WARNING: No secrets found on "helm/repos" due: reading the secret "helm/repos" from vault: no secret "helm/repos" not found in vault
Read credentials for https://storage.googleapis.com/chartmuseum.jenkins-x.io from vault helm/repos
Successfully added Helm repository storage.googleapis.com.
Adding missing Helm repo: jenkins-x-chartmuseum http://jenkins-x-chartmuseum:8080
WARNING: No secrets found on "helm/repos" due: reading the secret "helm/repos" from vault: no secret "helm/repos" not found in vault
Read credentials for http://jenkins-x-chartmuseum:8080 from vault helm/repos
Successfully added Helm repository jenkins-x-chartmuseum.
WARNING: No $CHART_REPOSITORY defined so using the default value of: http://jenkins-x-chartmuseum:8080
Adding missing Helm repo: chartmuseum.jenkins-x.io http://chartmuseum.jenkins-x.io
WARNING: No secrets found on "helm/repos" due: reading the secret "helm/repos" from vault: no secret "helm/repos" not found in vault
Read credentials for http://chartmuseum.jenkins-x.io from vault helm/repos
Successfully added Helm repository chartmuseum.jenkins-x.io.
